\BOOKMARK [1][-]{section.1}{\376\377\000I\000n\000t\000r\000o\000d\000u\000c\000t\000i\000o\000n}{}% 1
\BOOKMARK [1][-]{section.2}{\376\377\000R\000e\000l\000a\000t\000e\000d\000\040\000W\000o\000r\000k}{}% 2
\BOOKMARK [1][-]{section.3}{\376\377\000B\000a\000c\000k\000g\000r\000o\000u\000n\000d}{}% 3
\BOOKMARK [1][-]{section.4}{\376\377\000W\000h\000e\000n\000\040\000G\000N\000N\000s\000\040\000F\000i\000t\000\040\000G\000r\000a\000p\000h\000-\000L\000a\000b\000e\000l\000\040\000N\000o\000i\000s\000e}{}% 4
\BOOKMARK [1][-]{section.5}{\376\377\000D\000i\000r\000i\000c\000h\000l\000e\000t\000\040\000E\000n\000e\000r\000g\000y\000\040\000a\000s\000\040\000a\000\040\000D\000i\000a\000g\000n\000o\000s\000t\000i\000c\000\040\000f\000o\000r\000\040\000N\000o\000i\000s\000e\000\040\000F\000i\000t\000t\000i\000n\000g}{}% 5
\BOOKMARK [1][-]{section.6}{\376\377\000A\000n\000a\000l\000y\000t\000i\000c\000a\000l\000\040\000S\000u\000p\000p\000o\000r\000t\000:\000\040\000W\000h\000y\000\040\000E\000n\000e\000r\000g\000y\000\040\000S\000u\000p\000p\000r\000e\000s\000s\000i\000o\000n\000\040\000H\000e\000l\000p\000s}{}% 6
\BOOKMARK [2][-]{subsection.6.1}{\376\377\000T\000h\000r\000e\000e\000\040\000B\000u\000i\000l\000d\000i\000n\000g\000\040\000B\000l\000o\000c\000k\000s}{section.6}% 7
\BOOKMARK [2][-]{subsection.6.2}{\376\377\000M\000a\000i\000n\000\040\000T\000h\000e\000o\000r\000e\000m\000:\000\040\000N\000o\000i\000s\000e\000\040\000F\000i\000t\000t\000i\000n\000g\000\040\000F\000o\000r\000c\000e\000s\000\040\000E\000n\000e\000r\000g\000y\000\040\000G\000r\000o\000w\000t\000h}{section.6}% 8
\BOOKMARK [2][-]{subsection.6.3}{\376\377\000A\000s\000y\000m\000m\000e\000t\000r\000i\000c\000\040\000B\000u\000r\000d\000e\000n\000\040\000o\000n\000\040\000H\000i\000g\000h\000-\000E\000n\000t\000r\000o\000p\000y\000\040\000G\000r\000a\000p\000h\000s}{section.6}% 9
\BOOKMARK [1][-]{section.7}{\376\377\000T\000h\000r\000e\000e\000\040\000M\000e\000t\000h\000o\000d\000s\000\040\000t\000h\000a\000t\000\040\000R\000e\000d\000u\000c\000e\000\040\000W\000i\000t\000h\000i\000n\000-\000G\000r\000a\000p\000h\000\040\000E\000n\000e\000r\000g\000y}{}% 10
\BOOKMARK [2][-]{subsection.7.1}{\376\377\000E\000x\000p\000l\000i\000c\000i\000t\000\040\000D\000i\000r\000i\000c\000h\000l\000e\000t\000-\000E\000n\000e\000r\000g\000y\000\040\000R\000e\000g\000u\000l\000a\000r\000i\000z\000a\000t\000i\000o\000n\000\040\000\050\000L\000D\000E\000\051}{section.7}% 11
\BOOKMARK [2][-]{subsection.7.2}{\376\377\000G\000r\000a\000p\000h\000\040\000C\000e\000n\000t\000r\000o\000i\000d\000\040\000O\000u\000t\000l\000i\000e\000r\000\040\000D\000i\000s\000c\000o\000u\000n\000t\000i\000n\000g\000\040\000\050\000G\000C\000O\000D\000\051}{section.7}% 12
\BOOKMARK [2][-]{subsection.7.3}{\376\377\000S\000p\000e\000c\000t\000r\000a\000l\000\040\000C\000o\000n\000s\000t\000r\000a\000i\000n\000t\000\040\000o\000n\000\040\000W\000e\000i\000g\000h\000t\000\040\000M\000a\000t\000r\000i\000c\000e\000s\000\040\000\050\000C\000E\000+\000W\0002\000\051}{section.7}% 13
\BOOKMARK [1][-]{section.8}{\376\377\000E\000x\000p\000e\000r\000i\000m\000e\000n\000t\000s}{}% 14
\BOOKMARK [2][-]{subsection.8.1}{\376\377\000M\000a\000i\000n\000\040\000R\000e\000s\000u\000l\000t\000:\000\040\000C\000o\000n\000t\000r\000o\000l\000l\000e\000d\000\040\000P\000P\000A\000\040\000S\000u\000b\000s\000e\000t}{section.8}% 15
\BOOKMARK [2][-]{subsection.8.2}{\376\377\000G\000e\000n\000e\000r\000a\000l\000i\000z\000a\000t\000i\000o\000n\000\040\000A\000c\000r\000o\000s\000s\000\040\000D\000a\000t\000a\000s\000e\000t\000s\000\040\000a\000n\000d\000\040\000N\000o\000i\000s\000e\000\040\000T\000y\000p\000e\000s}{section.8}% 16
\BOOKMARK [1][-]{section.9}{\376\377\000C\000o\000n\000c\000l\000u\000s\000i\000o\000n}{}% 17
\BOOKMARK [1][-]{appendix.A}{\376\377\000A\000d\000d\000i\000t\000i\000o\000n\000a\000l\000\040\000R\000e\000l\000a\000t\000e\000d\000\040\000W\000o\000r\000k}{}% 18
\BOOKMARK [2][-]{subsection.A.1}{\376\377\000L\000e\000a\000r\000n\000i\000n\000g\000\040\000u\000n\000d\000e\000r\000\040\000L\000a\000b\000e\000l\000\040\000N\000o\000i\000s\000e}{appendix.A}% 19
\BOOKMARK [2][-]{subsection.A.2}{\376\377\000G\000r\000a\000p\000h\000\040\000L\000e\000a\000r\000n\000i\000n\000g\000\040\000u\000n\000d\000e\000r\000\040\000N\000o\000i\000s\000e}{appendix.A}% 20
\BOOKMARK [2][-]{subsection.A.3}{\376\377\000D\000i\000r\000i\000c\000h\000l\000e\000t\000\040\000E\000n\000e\000r\000g\000y\000\040\000a\000n\000d\000\040\000S\000p\000e\000c\000t\000r\000a\000l\000\040\000P\000r\000o\000p\000e\000r\000t\000i\000e\000s\000\040\000o\000f\000\040\000G\000N\000N\000s}{appendix.A}% 21
\BOOKMARK [2][-]{subsection.A.4}{\376\377\000L\000i\000p\000s\000c\000h\000i\000t\000z\000/\000S\000t\000a\000b\000i\000l\000i\000t\000y\000\040\000A\000n\000a\000l\000y\000s\000e\000s}{appendix.A}% 22
\BOOKMARK [1][-]{appendix.B}{\376\377\000P\000r\000o\000o\000f\000s\000\040\000a\000n\000d\000\040\000E\000x\000t\000e\000n\000d\000e\000d\000\040\000T\000h\000e\000o\000r\000y}{}% 23
\BOOKMARK [2][-]{subsection.B.1}{\376\377\000P\000r\000o\000o\000f\000\040\000o\000f\000\040\000P\000r\000o\000p\000o\000s\000i\000t\000i\000o\000n\000\040\0001}{appendix.B}% 24
\BOOKMARK [2][-]{subsection.B.2}{\376\377\000P\000r\000o\000o\000f\000\040\000o\000f\000\040\000L\000e\000m\000m\000a\000\040\0001\000\040\000\050\000G\000r\000a\000p\000h\000\040\000P\000o\000i\000n\000c\000a\000r\000\351\000\040\000I\000n\000e\000q\000u\000a\000l\000i\000t\000y\000\051}{appendix.B}% 25
\BOOKMARK [2][-]{subsection.B.3}{\376\377\000P\000r\000o\000o\000f\000\040\000o\000f\000\040\000L\000e\000m\000m\000a\000\040\0002\000\040\000\050\000B\000i\000-\000L\000i\000p\000s\000c\000h\000i\000t\000z\000\040\000L\000o\000w\000e\000r\000\040\000B\000o\000u\000n\000d\000\040\000f\000o\000r\000\040\000a\000\040\000G\000I\000N\000\051}{appendix.B}% 26
\BOOKMARK [2][-]{subsection.B.4}{\376\377\000P\000r\000o\000o\000f\000\040\000o\000f\000\040\000T\000h\000e\000o\000r\000e\000m\000\040\0001\000\040\000\050\000N\000o\000i\000s\000e\000\040\000F\000o\000r\000c\000e\000s\000\040\000E\000n\000e\000r\000g\000y\000\040\000G\000r\000o\000w\000t\000h\000\051}{appendix.B}% 27
\BOOKMARK [2][-]{subsection.B.5}{\376\377\000P\000r\000o\000o\000f\000\040\000o\000f\000\040\000L\000e\000m\000m\000a\000\040\0003\000\040\000\050\000S\000p\000e\000c\000t\000r\000a\000l\000\040\000C\000o\000u\000n\000t\000i\000n\000g\000\051}{appendix.B}% 28
\BOOKMARK [2][-]{subsection.B.6}{\376\377\000P\000r\000o\000o\000f\000\040\000o\000f\000\040\000C\000o\000r\000o\000l\000l\000a\000r\000y\000\040\0001\000\040\000\050\000A\000s\000y\000m\000m\000e\000t\000r\000i\000c\000\040\000B\000u\000r\000d\000e\000n\000\051}{appendix.B}% 29
\BOOKMARK [2][-]{subsection.B.7}{\376\377\000W\000h\000y\000\040\000a\000\040\000D\000e\000c\000r\000e\000a\000s\000e\000\040\000o\000f\000\040\000E\000d\000i\000r\000s\000e\000t\000\040\000I\000s\000\040\000N\000o\000n\000-\000T\000r\000i\000v\000i\000a\000l\000\040\000i\000n\000\040\000G\000r\000a\000p\000h\000\040\000C\000l\000a\000s\000s\000i\000f\000i\000c\000a\000t\000i\000o\000n}{appendix.B}% 30
\BOOKMARK [1][-]{appendix.C}{\376\377\000E\000x\000p\000e\000r\000i\000m\000e\000n\000t\000a\000l\000\040\000S\000e\000t\000t\000i\000n\000g}{}% 31
\BOOKMARK [2][-]{subsection.C.1}{\376\377\000D\000a\000t\000a\000s\000e\000t\000s}{appendix.C}% 32
\BOOKMARK [2][-]{subsection.C.2}{\376\377\000S\000y\000n\000t\000h\000e\000t\000i\000c\000\040\000D\000a\000t\000a\000s\000e\000t\000s\000\040\000f\000o\000r\000\040\000F\000a\000i\000l\000u\000r\000e\000-\000M\000o\000d\000e\000\040\000F\0002}{appendix.C}% 33
\BOOKMARK [2][-]{subsection.C.3}{\376\377\000A\000r\000c\000h\000i\000t\000e\000c\000t\000u\000r\000e\000s\000\040\000a\000n\000d\000\040\000H\000y\000p\000e\000r\000p\000a\000r\000a\000m\000e\000t\000e\000r\000s}{appendix.C}% 34
\BOOKMARK [2][-]{subsection.C.4}{\376\377\000S\000p\000e\000c\000t\000r\000a\000l\000\040\000B\000i\000a\000s\000\040\000I\000m\000p\000l\000e\000m\000e\000n\000t\000a\000t\000i\000o\000n\000\040\000D\000e\000t\000a\000i\000l\000s\000\040\000\050\000C\000E\000+\000W\0002\000\051}{appendix.C}% 35
\BOOKMARK [2][-]{subsection.C.5}{\376\377\000C\000l\000a\000s\000s\000-\000S\000p\000e\000c\000i\000f\000i\000c\000\040\000a\000n\000d\000\040\000F\000i\000x\000e\000d\000\040\000B\000o\000u\000n\000d\000s\000\040\000f\000o\000r\000\040\000L\000D\000E}{appendix.C}% 36
\BOOKMARK [2][-]{subsection.C.6}{\376\377\000D\000e\000s\000i\000g\000n\000\040\000o\000f\000\040\000G\000C\000O\000D}{appendix.C}% 37
\BOOKMARK [1][-]{appendix.D}{\376\377\000F\000a\000i\000l\000u\000r\000e\000-\000M\000o\000d\000e\000\040\000E\000x\000p\000e\000r\000i\000m\000e\000n\000t\000s\000\040\000\050\000E\000x\000t\000e\000n\000d\000e\000d\000\051}{}% 38
\BOOKMARK [1][-]{appendix.E}{\376\377\000D\000i\000r\000i\000c\000h\000l\000e\000t\000-\000E\000n\000e\000r\000g\000y\000\040\000A\000m\000p\000l\000i\000f\000i\000c\000a\000t\000i\000o\000n\000\040\000i\000n\000\040\000H\000i\000g\000h\000-\000F\000r\000e\000q\000u\000e\000n\000c\000y\000\040\000C\000o\000m\000p\000o\000n\000e\000n\000t\000s}{}% 39
\BOOKMARK [1][-]{appendix.F}{\376\377\000A\000d\000d\000i\000t\000i\000o\000n\000a\000l\000\040\000E\000m\000p\000i\000r\000i\000c\000a\000l\000\040\000S\000t\000u\000d\000i\000e\000s\000\040\000o\000n\000\040\000E\000n\000e\000r\000g\000y\000\040\000B\000e\000h\000a\000v\000i\000o\000r}{}% 40
\BOOKMARK [1][-]{appendix.G}{\376\377\000A\000d\000d\000i\000t\000i\000o\000n\000a\000l\000\040\000T\000a\000b\000l\000e\000s\000\040\000a\000n\000d\000\040\000F\000i\000g\000u\000r\000e\000s}{}% 41
\BOOKMARK [1][-]{appendix.H}{\376\377\000F\000u\000l\000l\000\040\000o\000g\000b\000g\000-\000p\000p\000a\000:\000\040\000D\000o\000-\000N\000o\000-\000H\000a\000r\000m\000\040\000C\000h\000e\000c\000k}{}% 42
\BOOKMARK [1][-]{appendix.I}{\376\377\000C\000r\000o\000s\000s\000-\000S\000e\000t\000t\000i\000n\000g\000\040\000T\000r\000a\000n\000s\000f\000e\000r\000:\000\040\000C\000o\000r\000a\000\040\000N\000o\000d\000e\000\040\000C\000l\000a\000s\000s\000i\000f\000i\000c\000a\000t\000i\000o\000n}{}% 43
